lerna(verbose) GitUtilities.isInitialized    ()
lerna(verbose) GitUtilities.isInitialized    () => true
lerna(verbose) GitUtilities.getTopLevelDirectory()
lerna(verbose) GitUtilities.getTopLevelDirectory() => "."
lerna(verbose) FileSystemUtilities.existsSync("./lerna.json")
lerna(verbose) FileSystemUtilities.existsSync("./lerna.json") => true
lerna(verbose) FileSystemUtilities.readFileSync("./lerna.json")
lerna(verbose) FileSystemUtilities.readFileSync("./lerna.json") => "{\n  \"lerna\": \"2.0.0-beta.38\",\n  \"packages\": [\n    \"packages/*\"\n  ],\n  \"version\": \"independent\"\n}"
lerna(verbose) FileSystemUtilities.existsSync("./package.json")
lerna(verbose) FileSystemUtilities.existsSync("./package.json") => true
lerna(verbose) FileSystemUtilities.readFileSync("./package.json")
lerna(verbose) FileSystemUtilities.readFileSync("./package.json") => "{\n  \"name\": \"scalable-react-ts-boilerplate\",\n  \"version\": \"1.0.1\",\n  \"description\": \"A react + typescript micro-framework\",\n  \"main\": \"index.js\",\n  \"author\": \"RyanCCollins\",\n  \"license\": \"MIT\",\n  \"engines\": {\n    \"node\": \"6.9.5\",\n    \"npm\": \"3.10.8\"\n  },\n  \"scripts\": {\n    \"start:docs\": \"cd ./packages/docs && npm run start\",\n    \"serve:docs\": \"cd ./packages/docs && npm run serve\",\n    \"start:app\": \"cd ./packages/app && npm run start\",\n    \"serve:app\": \"cd ./packages/app && npm run serve\",\n    \"bootstrap\": \"lerna bootstrap\"\n  },\n  \"devDependencies\": {\n    \"husky\": \"^0.13.2\",\n    \"lerna\": \"2.0.0-beta.38\",\n    \"tslint\": \"^4.5.1\",\n    \"tslint-eslint-rules\": \"^3.5.1\",\n    \"tslint-loader\": \"^3.4.3\",\n    \"tslint-react\": \"^2.5.0\",\n    \"typescript\": \"^2.2.1\"\n  }\n}"
lerna(info)    Lerna v2.0.0-beta.38
lerna(info)    Independent Versioning Mode
lerna(verbose) FileSystemUtilities.existsSync("./package.json")
lerna(verbose) FileSystemUtilities.existsSync("./package.json") => true
lerna(verbose) FileSystemUtilities.existsSync("./lerna.json")
lerna(verbose) FileSystemUtilities.existsSync("./lerna.json") => true
lerna(verbose) FileSystemUtilities.existsSync("./VERSION")
lerna(verbose) FileSystemUtilities.existsSync("./VERSION") => false
lerna(verbose) FileSystemUtilities.existsSync("./packages/app/package.json")
lerna(verbose) FileSystemUtilities.existsSync("./packages/app/package.json") => true
lerna(verbose) FileSystemUtilities.existsSync("./packages/docs/package.json")
lerna(verbose) FileSystemUtilities.existsSync("./packages/docs/package.json") => true
lerna(verbose) FileSystemUtilities.existsSync("./packages/ui/package.json")
lerna(verbose) FileSystemUtilities.existsSync("./packages/ui/package.json") => true
lerna(verbose) Attempting running BootstrapCommand.initialize
lerna(verbose) Successfully ran BootstrapCommand.initialize
lerna(verbose) Attempting running BootstrapCommand.execute
lerna(info)    Bootstrapping 3 packages
lerna(info)    Preinstalling packages
lerna(info)    Installing external dependencies
lerna(verbose) NpmUtilities.installInDir     ("./packages/app", ["@types/compression@latest","@types/express@latest","@types/graphql@latest","@typ...)
lerna(verbose) FileSystemUtilities.rename    ("./packages/app/package.json", "./packages/app/package.json.lerna_backup")
lerna(verbose) NpmUtilities.installInDir     ("./packages/docs", ["@types/compression@latest","@types/express@latest","@types/graphql@latest","@ty...)
lerna(verbose) FileSystemUtilities.rename    ("./packages/docs/package.json", "./packages/docs/package.json.lerna_backup")
lerna(verbose) FileSystemUtilities.rename    ("./packages/docs/package.json", "./packages/docs/package.json.lerna_backup") => 
lerna(verbose) FileSystemUtilities.writeFile ("./packages/docs/package.json", "{\"dependencies\":{\"@types/compression\":\"latest\",\"@types/expre...)
lerna(verbose) FileSystemUtilities.rename    ("./packages/app/package.json", "./packages/app/package.json.lerna_backup") => 
lerna(verbose) FileSystemUtilities.writeFile ("./packages/app/package.json", "{\"dependencies\":{\"@types/compression\":\"latest\",\"@types/expres...)
lerna(verbose) FileSystemUtilities.writeFile ("./packages/docs/package.json", "{\"dependencies\":{\"@types/compression\":\"latest\",\"@types/expre...) => 
lerna(verbose) FileSystemUtilities.writeFile ("./packages/app/package.json", "{\"dependencies\":{\"@types/compression\":\"latest\",\"@types/expres...) => 
lerna(verbose) FileSystemUtilities.renameSync("./packages/docs/package.json.lerna_backup", "./packages/docs/package.json")
lerna(verbose) FileSystemUtilities.renameSync("./packages/docs/package.json.lerna_backup", "./packages/docs/package.json") => 
lerna(verbose) NpmUtilities.installInDir     ("./packages/docs", ["@types/compression@latest","@types/express@latest","@types/graphql@latest","@ty...) => 
lerna(verbose) FileSystemUtilities.renameSync("./packages/app/package.json.lerna_backup", "./packages/app/package.json")
lerna(verbose) FileSystemUtilities.renameSync("./packages/app/package.json.lerna_backup", "./packages/app/package.json") => 
lerna(verbose) NpmUtilities.installInDir     ("./packages/app", ["@types/compression@latest","@types/express@latest","@types/graphql@latest","@typ...) => 
lerna(info)    Symlinking packages and binaries
lerna(info)    Postinstalling packages
lerna(verbose) NpmUtilities.runScriptInDir   ("postinstall", [], "./packages/app")
lerna(verbose) NpmUtilities.execInDir        ("run postinstall", [], "./packages/app")
lerna(verbose) NpmUtilities.runScriptInDir   ("postinstall", [], "./packages/docs")
lerna(verbose) NpmUtilities.execInDir        ("run postinstall", [], "./packages/docs")
lerna(error)   NpmUtilities.execInDir        ("run postinstall", [], "./packages/docs")
    Error: Command failed: npm run postinstall 
    
    npm ERR! Darwin 15.6.0
    npm ERR! argv "/Users/myMac/.nvm/versions/node/v6.9.5/bin/node" "/usr/local/bin/npm" "run" "deploy"
    npm ERR! node v6.9.5
    npm ERR! npm  v4.1.2
    npm ERR! code ELIFECYCLE
    npm ERR! react-ts-boilerplate-docs@1.0.1 deploy: `cross-env NODE_ENV=production ./node_modules/.bin/webpack --config ./webpack.config.prod.js`
    npm ERR! Exit status 2
    npm ERR! 
    npm ERR! Failed at the react-ts-boilerplate-docs@1.0.1 deploy script 'cross-env NODE_ENV=production ./node_modules/.bin/webpack --config ./webpack.config.prod.js'.
    npm ERR! Make sure you have the latest version of node.js and npm installed.
    npm ERR! If you do, this is most likely a problem with the react-ts-boilerplate-docs package,
    npm ERR! not with npm itself.
    npm ERR! Tell the author that this fails on your system:
    npm ERR!     cross-env NODE_ENV=production ./node_modules/.bin/webpack --config ./webpack.config.prod.js
    npm ERR! You can get information on how to open an issue for this project with:
    npm ERR!     npm bugs react-ts-boilerplate-docs
    npm ERR! Or if that isn't available, you can get their info via:
    npm ERR!     npm owner ls react-ts-boilerplate-docs
    npm ERR! There is likely additional logging output above.
    
    npm ERR! Please include the following file with any support request:
    npm ERR!     /Users/myMac/Developer/works-in-progress/open-source-maintaining/scalable-react-ts-boilerplate/packages/docs/npm-debug.log
    
    npm ERR! Darwin 15.6.0
    npm ERR! argv "/Users/myMac/.nvm/versions/node/v6.9.5/bin/node" "/usr/local/bin/npm" "run" "postinstall"
    npm ERR! node v6.9.5
    npm ERR! npm  v4.1.2
    npm ERR! code ELIFECYCLE
    npm ERR! react-ts-boilerplate-docs@1.0.1 postinstall: `npm run deploy`
    npm ERR! Exit status 1
    npm ERR! 
    npm ERR! Failed at the react-ts-boilerplate-docs@1.0.1 postinstall script 'npm run deploy'.
    npm ERR! Make sure you have the latest version of node.js and npm installed.
    npm ERR! If you do, this is most likely a problem with the react-ts-boilerplate-docs package,
    npm ERR! not with npm itself.
    npm ERR! Tell the author that this fails on your system:
    npm ERR!     npm run deploy
    npm ERR! You can get information on how to open an issue for this project with:
    npm ERR!     npm bugs react-ts-boilerplate-docs
    npm ERR! Or if that isn't available, you can get their info via:
    npm ERR!     npm owner ls react-ts-boilerplate-docs
    npm ERR! There is likely additional logging output above.
    
    npm ERR! Please include the following file with any support request:
    npm ERR!     /Users/myMac/Developer/works-in-progress/open-source-maintaining/scalable-react-ts-boilerplate/packages/docs/npm-debug.log
    
        at ChildProcess.exithandler (child_process.js:206:12)
        at emitTwo (events.js:106:13)
        at ChildProcess.emit (events.js:191:7)
        at maybeClose (internal/child_process.js:877:16)
        at Socket.<anonymous> (internal/child_process.js:334:11)
        at emitOne (events.js:96:13)
        at Socket.emit (events.js:188:7)
        at Pipe._handle.close [as _onclose] (net.js:498:12)
lerna(error)   
> react-ts-boilerplate-docs@1.0.1 postinstall /Users/myMac/Developer/works-in-progress/open-source-maintaining/scalable-react-ts-boilerplate/packages/docs
> npm run deploy


> react-ts-boilerplate-docs@1.0.1 predeploy /Users/myMac/Developer/works-in-progress/open-source-maintaining/scalable-react-ts-boilerplate/packages/docs
> rimraf build/public/*.*


> react-ts-boilerplate-docs@1.0.1 deploy /Users/myMac/Developer/works-in-progress/open-source-maintaining/scalable-react-ts-boilerplate/packages/docs
> cross-env NODE_ENV=production ./node_modules/.bin/webpack --config ./webpack.config.prod.js

ts-loader: Using typescript@2.2.1 and /Users/myMac/Developer/works-in-progress/open-source-maintaining/scalable-react-ts-boilerplate/packages/docs/tsconfig.json
Hash: 527cf6fc7c47becc440a
Version: webpack 2.2.1
Time: 85210ms
                                        Asset       Size  Chunks                    Chunk Names
               vendor.cd6fd8d73780df559d25.js     788 kB       0  [emitted]  [big]  vendor
                 main.6ddfec86a261c062a61c.js    2.75 MB       1  [emitted]  [big]  main
    main.8a66c7d749542e0d8d94ae265958bc98.css    11.3 kB       1  [emitted]         main
             main.6ddfec86a261c062a61c.js.map     3.2 MB       1  [emitted]         main
main.8a66c7d749542e0d8d94ae265958bc98.css.map  118 bytes       1  [emitted]         main
                                manifest.json  285 bytes          [emitted]         
  [20] ./~/styled-components/dist/styled-components.es.js 226 kB {0} {1} [built]
  [33] ./~/redux/es/index.js 1.08 kB {0} {1} [built]
  [77] ./~/react-redux/es/index.js 194 bytes {0} {1} [built]
  [85] ./~/graphql-tag/index.js 4.66 kB {0} {1} [built]
 [156] ./~/apollo-client/index.js 1.26 kB {0} {1} [built]
 [157] ./~/react-apollo/lib/browser.js 650 bytes {0} {1} [built]
 [158] ./~/react-router/es/index.js 1.46 kB {0} {1} [built]
 [240] ./~/react-router-redux/lib/index.js 1.97 kB {0} {1} [built]
 [293] ./~/axios/index.js 40 bytes {0} {1} [built]
 [646] ./src/client/index.tsx 1.22 kB {1} [built]
 [647] ./~/react-markdown/src/react-markdown.js 2.1 kB {0} [built]
 [648] ./~/redux-connect/lib/index.js 1.52 kB {0} [built]
 [649] ./~/rxjs/Rx.js 9.58 kB {0} [built]
[1269] multi ./src/client/index.tsx 28 bytes {1} [built]
[1270] multi react react-dom styled-components react-redux react-router react-router-redux react-markdown redux-connect redux rxjs axios redux-logic react-apollo graphql-tag apollo-client 196 bytes {0} [built]
    + 1259 hidden modules

ERROR in main.6ddfec86a261c062a61c.js from UglifyJs
SyntaxError: Name expected [main.6ddfec86a261c062a61c.js:61232,8]
Child extract-text-webpack-plugin:
       [0] ./~/css-loader/lib/css-base.js 1.46 kB {0} [built]
       [1] ./~/css-loader!./~/postcss-loader!../ui/~/github-markdown-css/github-markdown.css 11.4 kB {0} [built]

lerna(error)   NpmUtilities.runScriptInDir   ("postinstall", [], "./packages/docs")
lerna(error)   
> react-ts-boilerplate-docs@1.0.1 postinstall /Users/myMac/Developer/works-in-progress/open-source-maintaining/scalable-react-ts-boilerplate/packages/docs
> npm run deploy


> react-ts-boilerplate-docs@1.0.1 predeploy /Users/myMac/Developer/works-in-progress/open-source-maintaining/scalable-react-ts-boilerplate/packages/docs
> rimraf build/public/*.*


> react-ts-boilerplate-docs@1.0.1 deploy /Users/myMac/Developer/works-in-progress/open-source-maintaining/scalable-react-ts-boilerplate/packages/docs
> cross-env NODE_ENV=production ./node_modules/.bin/webpack --config ./webpack.config.prod.js

ts-loader: Using typescript@2.2.1 and /Users/myMac/Developer/works-in-progress/open-source-maintaining/scalable-react-ts-boilerplate/packages/docs/tsconfig.json
Hash: 527cf6fc7c47becc440a
Version: webpack 2.2.1
Time: 85210ms
                                        Asset       Size  Chunks                    Chunk Names
               vendor.cd6fd8d73780df559d25.js     788 kB       0  [emitted]  [big]  vendor
                 main.6ddfec86a261c062a61c.js    2.75 MB       1  [emitted]  [big]  main
    main.8a66c7d749542e0d8d94ae265958bc98.css    11.3 kB       1  [emitted]         main
             main.6ddfec86a261c062a61c.js.map     3.2 MB       1  [emitted]         main
main.8a66c7d749542e0d8d94ae265958bc98.css.map  118 bytes       1  [emitted]         main
                                manifest.json  285 bytes          [emitted]         
  [20] ./~/styled-components/dist/styled-components.es.js 226 kB {0} {1} [built]
  [33] ./~/redux/es/index.js 1.08 kB {0} {1} [built]
  [77] ./~/react-redux/es/index.js 194 bytes {0} {1} [built]
  [85] ./~/graphql-tag/index.js 4.66 kB {0} {1} [built]
 [156] ./~/apollo-client/index.js 1.26 kB {0} {1} [built]
 [157] ./~/react-apollo/lib/browser.js 650 bytes {0} {1} [built]
 [158] ./~/react-router/es/index.js 1.46 kB {0} {1} [built]
 [240] ./~/react-router-redux/lib/index.js 1.97 kB {0} {1} [built]
 [293] ./~/axios/index.js 40 bytes {0} {1} [built]
 [646] ./src/client/index.tsx 1.22 kB {1} [built]
 [647] ./~/react-markdown/src/react-markdown.js 2.1 kB {0} [built]
 [648] ./~/redux-connect/lib/index.js 1.52 kB {0} [built]
 [649] ./~/rxjs/Rx.js 9.58 kB {0} [built]
[1269] multi ./src/client/index.tsx 28 bytes {1} [built]
[1270] multi react react-dom styled-components react-redux react-router react-router-redux react-markdown redux-connect redux rxjs axios redux-logic react-apollo graphql-tag apollo-client 196 bytes {0} [built]
    + 1259 hidden modules

ERROR in main.6ddfec86a261c062a61c.js from UglifyJs
SyntaxError: Name expected [main.6ddfec86a261c062a61c.js:61232,8]
Child extract-text-webpack-plugin:
       [0] ./~/css-loader/lib/css-base.js 1.46 kB {0} [built]
       [1] ./~/css-loader!./~/postcss-loader!../ui/~/github-markdown-css/github-markdown.css 11.4 kB {0} [built]

lerna(error)   Errored while running BootstrapCommand.execute
