0 info it worked if it ends with ok
1 verbose cli [ '/home/ryancollinsio/.nvm/versions/node/v6.2.0/bin/node',
1 verbose cli   '/home/ryancollinsio/.nvm/versions/node/v6.2.0/bin/npm',
1 verbose cli   'run',
1 verbose cli   'build' ]
2 info using npm@3.8.9
3 info using node@v6.2.0
4 verbose run-script [ 'prebuild', 'build', 'postbuild' ]
5 info lifecycle react-ts-boilerplate@1.0.0~prebuild: react-ts-boilerplate@1.0.0
6 silly lifecycle react-ts-boilerplate@1.0.0~prebuild: no script for prebuild, continuing
7 info lifecycle react-ts-boilerplate@1.0.0~build: react-ts-boilerplate@1.0.0
8 verbose lifecycle react-ts-boilerplate@1.0.0~build: unsafe-perm in lifecycle true
9 verbose lifecycle react-ts-boilerplate@1.0.0~build: PATH: /home/ryancollinsio/.nvm/versions/node/v6.2.0/lib/node_modules/npm/bin/node-gyp-bin:/home/ryancollinsio/developer/ts-boilerplate/node_modules/.bin:/home/ryancollinsio/.nvm/versions/node/v6.2.0/bin:/home/ryancollinsio/.rvm/gems/ruby-2.3.3/bin:/home/ryancollinsio/.rvm/gems/ruby-2.3.3@global/bin:/home/ryancollinsio/.rvm/rubies/ruby-2.3.3/bin:/home/ryancollinsio/bin:/home/ryancollinsio/.local/bin:/home/ryancollinsio/google-cloud-sdk/bin:/home/ryancollinsio/.nvm/versions/node/v6.2.0/bin:/home/ryancollinsio/bin:/home/ryancollinsio/.local/bin:/usr/local/sbin:/usr/local/bin:/usr/sbin:/usr/bin:/sbin:/bin:/usr/games:/usr/local/games:/snap/bin:/home/ryancollinsio/.rvm/bin:/snap/bin:/home/ryancollinsio/.rvm/bin:/home/ryancollinsio/.rvm/bin
10 verbose lifecycle react-ts-boilerplate@1.0.0~build: CWD: /home/ryancollinsio/developer/ts-boilerplate
11 silly lifecycle react-ts-boilerplate@1.0.0~build: Args: [ '-c', 'webpack --config ./webpack.config.js' ]
12 silly lifecycle react-ts-boilerplate@1.0.0~build: Returned: code: 2  signal: null
13 info lifecycle react-ts-boilerplate@1.0.0~build: Failed to exec build script
14 verbose stack Error: react-ts-boilerplate@1.0.0 build: `webpack --config ./webpack.config.js`
14 verbose stack Exit status 2
14 verbose stack     at EventEmitter.<anonymous> (/home/ryancollinsio/.nvm/versions/node/v6.2.0/lib/node_modules/npm/lib/utils/lifecycle.js:245:16)
14 verbose stack     at emitTwo (events.js:106:13)
14 verbose stack     at EventEmitter.emit (events.js:191:7)
14 verbose stack     at ChildProcess.<anonymous> (/home/ryancollinsio/.nvm/versions/node/v6.2.0/lib/node_modules/npm/lib/utils/spawn.js:24:14)
14 verbose stack     at emitTwo (events.js:106:13)
14 verbose stack     at ChildProcess.emit (events.js:191:7)
14 verbose stack     at maybeClose (internal/child_process.js:850:16)
14 verbose stack     at Process.ChildProcess._handle.onexit (internal/child_process.js:215:5)
15 verbose pkgid react-ts-boilerplate@1.0.0
16 verbose cwd /home/ryancollinsio/developer/ts-boilerplate
17 error Linux 4.4.0-57-generic
18 error argv "/home/ryancollinsio/.nvm/versions/node/v6.2.0/bin/node" "/home/ryancollinsio/.nvm/versions/node/v6.2.0/bin/npm" "run" "build"
19 error node v6.2.0
20 error npm  v3.8.9
21 error code ELIFECYCLE
22 error react-ts-boilerplate@1.0.0 build: `webpack --config ./webpack.config.js`
22 error Exit status 2
23 error Failed at the react-ts-boilerplate@1.0.0 build script 'webpack --config ./webpack.config.js'.
23 error Make sure you have the latest version of node.js and npm installed.
23 error If you do, this is most likely a problem with the react-ts-boilerplate package,
23 error not with npm itself.
23 error Tell the author that this fails on your system:
23 error     webpack --config ./webpack.config.js
23 error You can get information on how to open an issue for this project with:
23 error     npm bugs react-ts-boilerplate
23 error Or if that isn't available, you can get their info via:
23 error     npm owner ls react-ts-boilerplate
23 error There is likely additional logging output above.
24 verbose exit [ 1, true ]
